running egg_info
creating build/gentact_ros_tools_fp/gentact_ros_tools_fp.egg-info
writing build/gentact_ros_tools_fp/gentact_ros_tools_fp.egg-info/PKG-INFO
writing dependency_links to build/gentact_ros_tools_fp/gentact_ros_tools_fp.egg-info/dependency_links.txt
writing entry points to build/gentact_ros_tools_fp/gentact_ros_tools_fp.egg-info/entry_points.txt
writing requirements to build/gentact_ros_tools_fp/gentact_ros_tools_fp.egg-info/requires.txt
writing top-level names to build/gentact_ros_tools_fp/gentact_ros_tools_fp.egg-info/top_level.txt
writing manifest file 'build/gentact_ros_tools_fp/gentact_ros_tools_fp.egg-info/SOURCES.txt'
reading manifest file 'build/gentact_ros_tools_fp/gentact_ros_tools_fp.egg-info/SOURCES.txt'
writing manifest file 'build/gentact_ros_tools_fp/gentact_ros_tools_fp.egg-info/SOURCES.txt'
running build
running build_py
creating /home/caleb/ros2_ws/src/gentact_ros_tools_fp/build/gentact_ros_tools_fp/build
creating /home/caleb/ros2_ws/src/gentact_ros_tools_fp/build/gentact_ros_tools_fp/build/lib
creating /home/caleb/ros2_ws/src/gentact_ros_tools_fp/build/gentact_ros_tools_fp/build/lib/gentact_ros_tools_fp
copying gentact_ros_tools_fp/__init__.py -> /home/caleb/ros2_ws/src/gentact_ros_tools_fp/build/gentact_ros_tools_fp/build/lib/gentact_ros_tools_fp
running install
running install_lib
creating /home/caleb/ros2_ws/src/gentact_ros_tools_fp/install/gentact_ros_tools_fp/lib/python3.8/site-packages/gentact_ros_tools_fp
copying /home/caleb/ros2_ws/src/gentact_ros_tools_fp/build/gentact_ros_tools_fp/build/lib/gentact_ros_tools_fp/__init__.py -> /home/caleb/ros2_ws/src/gentact_ros_tools_fp/install/gentact_ros_tools_fp/lib/python3.8/site-packages/gentact_ros_tools_fp
byte-compiling /home/caleb/ros2_ws/src/gentact_ros_tools_fp/install/gentact_ros_tools_fp/lib/python3.8/site-packages/gentact_ros_tools_fp/__init__.py to __init__.cpython-38.pyc
running install_data
creating /home/caleb/ros2_ws/src/gentact_ros_tools_fp/install/gentact_ros_tools_fp/share/ament_index
creating /home/caleb/ros2_ws/src/gentact_ros_tools_fp/install/gentact_ros_tools_fp/share/ament_index/resource_index
creating /home/caleb/ros2_ws/src/gentact_ros_tools_fp/install/gentact_ros_tools_fp/share/ament_index/resource_index/packages
copying resource/gentact_ros_tools_fp -> /home/caleb/ros2_ws/src/gentact_ros_tools_fp/install/gentact_ros_tools_fp/share/ament_index/resource_index/packages
copying package.xml -> /home/caleb/ros2_ws/src/gentact_ros_tools_fp/install/gentact_ros_tools_fp/share/gentact_ros_tools_fp
creating /home/caleb/ros2_ws/src/gentact_ros_tools_fp/install/gentact_ros_tools_fp/share/gentact_ros_tools_fp/launch
copying launch/self-cap.launch.py -> /home/caleb/ros2_ws/src/gentact_ros_tools_fp/install/gentact_ros_tools_fp/share/gentact_ros_tools_fp/launch
creating /home/caleb/ros2_ws/src/gentact_ros_tools_fp/install/gentact_ros_tools_fp/share/gentact_ros_tools_fp/urdf
copying urdf/link5.xacro -> /home/caleb/ros2_ws/src/gentact_ros_tools_fp/install/gentact_ros_tools_fp/share/gentact_ros_tools_fp/urdf
copying urdf/self-cap-base.xacro -> /home/caleb/ros2_ws/src/gentact_ros_tools_fp/install/gentact_ros_tools_fp/share/gentact_ros_tools_fp/urdf
creating /home/caleb/ros2_ws/src/gentact_ros_tools_fp/install/gentact_ros_tools_fp/share/gentact_ros_tools_fp/meshes
copying meshes/link5.dae -> /home/caleb/ros2_ws/src/gentact_ros_tools_fp/install/gentact_ros_tools_fp/share/gentact_ros_tools_fp/meshes
copying meshes/link5.stl -> /home/caleb/ros2_ws/src/gentact_ros_tools_fp/install/gentact_ros_tools_fp/share/gentact_ros_tools_fp/meshes
running install_egg_info
Copying build/gentact_ros_tools_fp/gentact_ros_tools_fp.egg-info to /home/caleb/ros2_ws/src/gentact_ros_tools_fp/install/gentact_ros_tools_fp/lib/python3.8/site-packages/gentact_ros_tools_fp-0.0.0-py3.8.egg-info
running install_scripts
writing list of installed files to '/home/caleb/ros2_ws/src/gentact_ros_tools_fp/build/gentact_ros_tools_fp/install.log'
