[0.667s] Invoking command in '/home/caleb/ros2_ws/src/gentact_ros_tools_fp': PROMPT_COMMAND=history -a; history -n; PYTHONPATH=/home/caleb/ros2_ws/src/gentact_ros_tools_fp/build/gentact_ros_tools_fp/prefix_override:/home/caleb/.local/lib/python3.8/site-packages/colcon_core/task/python/colcon_distutils_commands:/home/caleb/ros2_ws/src/gentact_ros_tools_fp/install/gentact_ros_tools_fp/lib/python3.8/site-packages:${PYTHONPATH} /usr/bin/python3 -W ignore:setup.py install is deprecated setup.py egg_info --egg-base build/gentact_ros_tools_fp build --build-base /home/caleb/ros2_ws/src/gentact_ros_tools_fp/build/gentact_ros_tools_fp/build install --record /home/caleb/ros2_ws/src/gentact_ros_tools_fp/build/gentact_ros_tools_fp/install.log --single-version-externally-managed install_data
[0.875s] running egg_info
[0.876s] writing build/gentact_ros_tools_fp/gentact_ros_tools_fp.egg-info/PKG-INFO
[0.876s] writing dependency_links to build/gentact_ros_tools_fp/gentact_ros_tools_fp.egg-info/dependency_links.txt
[0.876s] writing entry points to build/gentact_ros_tools_fp/gentact_ros_tools_fp.egg-info/entry_points.txt
[0.876s] writing requirements to build/gentact_ros_tools_fp/gentact_ros_tools_fp.egg-info/requires.txt
[0.876s] writing top-level names to build/gentact_ros_tools_fp/gentact_ros_tools_fp.egg-info/top_level.txt
[0.898s] reading manifest file 'build/gentact_ros_tools_fp/gentact_ros_tools_fp.egg-info/SOURCES.txt'
[0.899s] writing manifest file 'build/gentact_ros_tools_fp/gentact_ros_tools_fp.egg-info/SOURCES.txt'
[0.899s] running build
[0.899s] running build_py
[0.899s] running install
[0.900s] running install_lib
[0.901s] running install_data
[0.901s] copying urdf/link5.xacro -> /home/caleb/ros2_ws/src/gentact_ros_tools_fp/install/gentact_ros_tools_fp/share/gentact_ros_tools_fp/urdf
[0.901s] running install_egg_info
[0.902s] removing '/home/caleb/ros2_ws/src/gentact_ros_tools_fp/install/gentact_ros_tools_fp/lib/python3.8/site-packages/gentact_ros_tools_fp-0.0.0-py3.8.egg-info' (and everything under it)
[0.903s] Copying build/gentact_ros_tools_fp/gentact_ros_tools_fp.egg-info to /home/caleb/ros2_ws/src/gentact_ros_tools_fp/install/gentact_ros_tools_fp/lib/python3.8/site-packages/gentact_ros_tools_fp-0.0.0-py3.8.egg-info
[0.903s] running install_scripts
[0.915s] writing list of installed files to '/home/caleb/ros2_ws/src/gentact_ros_tools_fp/build/gentact_ros_tools_fp/install.log'
[0.933s] Invoked command in '/home/caleb/ros2_ws/src/gentact_ros_tools_fp' returned '0': PROMPT_COMMAND=history -a; history -n; PYTHONPATH=/home/caleb/ros2_ws/src/gentact_ros_tools_fp/build/gentact_ros_tools_fp/prefix_override:/home/caleb/.local/lib/python3.8/site-packages/colcon_core/task/python/colcon_distutils_commands:/home/caleb/ros2_ws/src/gentact_ros_tools_fp/install/gentact_ros_tools_fp/lib/python3.8/site-packages:${PYTHONPATH} /usr/bin/python3 -W ignore:setup.py install is deprecated setup.py egg_info --egg-base build/gentact_ros_tools_fp build --build-base /home/caleb/ros2_ws/src/gentact_ros_tools_fp/build/gentact_ros_tools_fp/build install --record /home/caleb/ros2_ws/src/gentact_ros_tools_fp/build/gentact_ros_tools_fp/install.log --single-version-externally-managed install_data
